Autor: David Arturo Gutiérrez Lugo
; 08/11/2023 01:50:27 p. m.
a =  258 = 258
a =  = 2
a =  8 = 10
a =  10 = 100
a =  100 = 1
i =  1 = 1
for: i
j =  250 = 250
for: j
 250 + 2 % 0 250 + 2 % 0j =  250 = 250
for: j
 250 + 2 % 0 250 + 2 % 0 250 + 2 % 0j =  250 = 250
for: j
 250 + 2 % 0 250 + 2 % 0 250 + 2 % 0 250 + 2 % 0j =  250 = 250
for: j
 250 + 2 % 0 250 + 2 % 0 250 + 2 % 0 250 + 2 % 0 250 + 2 % 0j =  250 = 250
for: j
 250 + 2 % 0i =  1 = 1
while: 
j =  250 = 250
while: 
 250 + 2 % 0j =  = 251
 250 + 2 % 0j =  = 252
i =  = 2
j =  250 = 250
while: 
 250 + 2 % 0j =  = 251
 250 + 2 % 0j =  = 252
 250 + 2 % 0j =  = 253
i =  = 3
j =  250 = 250
while: 
 250 + 2 % 0j =  = 251
 250 + 2 % 0j =  = 252
 250 + 2 % 0j =  = 253
 250 + 2 % 0j =  = 254
i =  = 4
j =  250 = 250
while: 
 250 + 2 % 0j =  = 251
 250 + 2 % 0j =  = 252
 250 + 2 % 0j =  = 253
 250 + 2 % 0j =  = 254
 250 + 2 % 0j =  = 255
i =  = 5
j =  250 = 250
while: 
 250 + 2 % 0j =  = 255
i =  = 6
i =  1 = 1
do: 
j =  250 = 250
do: 
 2 % 0j =  = 251
 250 +i =  = 2
j =  250 = 250
do: 
 2 % 0j =  = 251
 250 + 2 % 0j =  = 252
 250 +i =  = 3
j =  250 = 250
do: 
 2 % 0j =  = 251
 250 + 2 % 0j =  = 252
 250 + 2 % 0j =  = 253
 250 +i =  = 4
j =  250 = 250
do: 
 2 % 0j =  = 251
 250 + 2 % 0j =  = 252
 250 + 2 % 0j =  = 253
 250 + 2 % 0j =  = 254
 250 +i =  = 5
-----------------
V a r i a b l e s
-----------------
altura Float = 4
i Float = 5
j Float = 254
k Float = 0
a Int = 1
b Int = 0
-----------------
